<?xml version="1.0" encoding="UTF-8"?>
<!-- Generated by org.testng.reporters.JUnitReportReporter -->
<testsuite hostname="FFPL-Pavithra" failures="0" tests="1" name="seleniumonlineTY.JavaProgram" time="0.012" errors="0" timestamp="2023-11-21T18:57:42 IST" skipped="0">
  <testcase classname="seleniumonlineTY.JavaProgram" name="testing" time="0.012"/>
  <system-out/>
</testsuite> <!-- seleniumonlineTY.JavaProgram -->
